ActivityEventSequence2/app/build/intermediates/manifest_merge_blame_file/debug/manifest-merger-blame-debug-report.txt
1<?xml version="1.0" encoding="utf-8"?>
2<manifest xmlns:android="http://schemas.android.com/apk/res/android"
3    package="edu.uta"
4    android:versionCode="1"
5    android:versionName="1.0" >
6
7    <uses-sdk
7-->src\main\AndroidManifest.xml:7:5-47
8        android:minSdkVersion="14"
8-->src\main\AndroidManifest.xml:7:5-47
9        android:targetSdkVersion="19" />
9-->src\main\AndroidManifest.xml:7:15-44
10
11    <uses-permission android:name="android.permission.WRITE_EXTERNAL_STORAGE" />
11-->src\main\AndroidManifest.xml:9:5-80
11-->src\main\AndroidManifest.xml:9:22-78
12    <uses-permission android:name="android.permission.READ_PHONE_STATE" />
12-->src\main\AndroidManifest.xml:10:5-75
12-->src\main\AndroidManifest.xml:10:22-72
13    <uses-permission android:name="android.permission.SEND_SMS" />
13-->src\main\AndroidManifest.xml:11:5-67
13-->src\main\AndroidManifest.xml:11:22-64
14
15    <application
15-->src\main\AndroidManifest.xml:13:5-26:19
16        android:allowBackup="true"
16-->src\main\AndroidManifest.xml:14:9-35
17        android:debuggable="true"
18        android:label="@string/app_name" >
18-->src\main\AndroidManifest.xml:15:9-41
19        <activity
19-->src\main\AndroidManifest.xml:16:9-24:20
20            android:name="edu.uta.ActivityEventSequence2"
20-->src\main\AndroidManifest.xml:17:13-51
21            android:label="@string/app_name" >
21-->src\main\AndroidManifest.xml:18:13-45
22            <intent-filter>
22-->src\main\AndroidManifest.xml:19:13-23:29
23                <action android:name="android.intent.action.MAIN" />
23-->src\main\AndroidManifest.xml:20:17-69
23-->src\main\AndroidManifest.xml:20:25-66
24
25                <category android:name="android.intent.category.LAUNCHER" />
25-->src\main\AndroidManifest.xml:22:17-77
25-->src\main\AndroidManifest.xml:22:27-74
26            </intent-filter>
27        </activity>
28    </application>
29
30</manifest>